<?xml version="1.0" encoding="UTF-8"?>
<!-- Generated by org.testng.reporters.JUnitReportReporter -->
<testsuite hostname="DESKTOP-7A005MA" failures="0" tests="1" name="webdriver.Topic_Upload_File_02" time="9.441" errors="0" timestamp="24 Nov 2021 08:25:22 GMT" skipped="0">
  <testcase classname="webdriver.Topic_Upload_File_02" name="TC_03_Java_Robot" time="9.441"/>
</testsuite> <!-- webdriver.Topic_Upload_File_02 -->
