<?xml version="1.0" encoding="UTF-8"?>
<!-- Generated by org.testng.reporters.JUnitReportReporter -->
<testsuite skipped="0" hostname="DESKTOP-JMK0BG4" name="webdriver.Template_Firefox_Driver" tests="1" failures="0" timestamp="29 Oct 2021 13:10:20 GMT" time="0.010" errors="0">
  <testcase name="TC01_Name" time="0.010" classname="webdriver.Template_Firefox_Driver"/>
</testsuite> <!-- webdriver.Template_Firefox_Driver -->
