<?xml version="1.0" encoding="UTF-8"?>
<!-- Generated by org.testng.reporters.JUnitReportReporter -->
<testsuite hostname="DESKTOP-7A005MA" failures="0" tests="1" name="webdriver.Topic_Custom_Dropdown_1" time="1.299" errors="0" timestamp="11 Nov 2021 09:59:27 GMT" skipped="0">
  <testcase classname="webdriver.Topic_Custom_Dropdown_1" name="TC05_Editable" time="1.299"/>
</testsuite> <!-- webdriver.Topic_Custom_Dropdown_1 -->
