<?xml version="1.0" encoding="UTF-8"?>
<!-- Generated by org.testng.reporters.JUnitReportReporter -->
<testsuite skipped="0" hostname="DESKTOP-JMK0BG4" name="webdriver.Template_Chrome_Driver" tests="1" failures="0" timestamp="31 Oct 2021 12:23:32 GMT" time="0.010" errors="0">
  <testcase name="TC_01" time="0.010" classname="webdriver.Template_Chrome_Driver"/>
</testsuite> <!-- webdriver.Template_Chrome_Driver -->
