<?xml version="1.0" encoding="UTF-8"?>
<!-- Generated by org.testng.reporters.JUnitReportReporter -->
<testsuite hostname="DESKTOP-7A005MA" failures="0" tests="1" name="webdriver.Topic_User_Interaction_1" time="2.024" errors="0" timestamp="16 Nov 2021 10:35:56 GMT" skipped="0">
  <testcase classname="webdriver.Topic_User_Interaction_1" name="TC_03_Double_Click" time="2.024"/>
</testsuite> <!-- webdriver.Topic_User_Interaction_1 -->
