<?xml version="1.0" encoding="UTF-8"?>
<!-- Generated by org.testng.reporters.JUnitReportReporter -->
<testsuite skipped="0" hostname="DESKTOP-JMK0BG4" name="webdriver.Topic_Web_Element_Command_2" tests="3" failures="0" timestamp="03 Nov 2021 14:23:49 GMT" time="2.576" errors="0">
  <testcase name="TC_02_IsEnable" time="1.537" classname="webdriver.Topic_Web_Element_Command_2"/>
  <testcase name="TC_02_Is_Selected" time="0.424" classname="webdriver.Topic_Web_Element_Command_2"/>
  <testcase name="TC_01_IsDisplayed" time="0.615" classname="webdriver.Topic_Web_Element_Command_2"/>
</testsuite> <!-- webdriver.Topic_Web_Element_Command_2 -->
