<?xml version="1.0" encoding="UTF-8"?>
<!-- Generated by org.testng.reporters.JUnitReportReporter -->
<testsuite hostname="DESKTOP-7A005MA" failures="0" tests="1" name="webdriver.Topic_User_Interaction_1" time="2.786" errors="0" timestamp="17 Nov 2021 09:54:12 GMT" skipped="0">
  <testcase classname="webdriver.Topic_User_Interaction_1" name="TC_07_Drag_And_Drop_HTML4" time="2.786"/>
</testsuite> <!-- webdriver.Topic_User_Interaction_1 -->
