<?xml version="1.0" encoding="UTF-8"?>
<!-- Generated by org.testng.reporters.JUnitReportReporter -->
<testsuite hostname="DESKTOP-7A005MA" failures="0" tests="1" name="webdriver.Topic_Default_Dropdown" time="3.533" errors="0" timestamp="08 Nov 2021 10:36:44 GMT" skipped="0">
  <testcase classname="webdriver.Topic_Default_Dropdown" name="TC01_Default_Dropdown" time="3.533"/>
</testsuite> <!-- webdriver.Topic_Default_Dropdown -->
