<?xml version="1.0" encoding="UTF-8"?>
<!-- Generated by org.testng.reporters.JUnitReportReporter -->
<testsuite hostname="DESKTOP-7A005MA" name="webdriver.Topic04_Xpath_Technical02" tests="6" failures="0" timestamp="26 Oct 2021 08:02:46 GMT" time="40.018" errors="0">
  <testcase name="TC03_Login_Incorrrect_confirm_email" time="2.046" classname="webdriver.Topic04_Xpath_Technical02"/>
  <testcase name="TC04_Login_Pass_Lessthan_6" time="1.736" classname="webdriver.Topic04_Xpath_Technical02"/>
  <testcase name="TC06_Login_Invalid_Phone" time="0.322" classname="webdriver.Topic04_Xpath_Technical02"/>
  <testcase name="TC02_Login_Invalid_Email" time="2.193" classname="webdriver.Topic04_Xpath_Technical02"/>
  <testcase name="TC05_Login_Incorrrect_confirm_Pass" time="32.265" classname="webdriver.Topic04_Xpath_Technical02"/>
  <testcase name="TC01_Login_Empty_Filed" time="1.456" classname="webdriver.Topic04_Xpath_Technical02"/>
</testsuite> <!-- webdriver.Topic04_Xpath_Technical02 -->
