<?xml version="1.0" encoding="UTF-8"?>
<!-- Generated by org.testng.reporters.JUnitReportReporter -->
<testsuite hostname="DESKTOP-7A005MA" failures="0" tests="1" name="webdriver.Topic_Default_Button_Checkbox" time="10.111" errors="0" timestamp="12 Nov 2021 09:39:10 GMT" skipped="0">
  <testcase classname="webdriver.Topic_Default_Button_Checkbox" name="TC01_Default_Checkbox" time="10.111"/>
</testsuite> <!-- webdriver.Topic_Default_Button_Checkbox -->
