<?xml version="1.0" encoding="UTF-8"?>
<!-- Generated by org.testng.reporters.JUnitReportReporter -->
<testsuite hostname="DESKTOP-7A005MA" failures="0" tests="4" name="webdriver.Topic_Textbox_Textarea" time="7.641" errors="0" timestamp="04 Nov 2021 08:38:44 GMT" skipped="0">
  <testcase classname="webdriver.Topic_Textbox_Textarea" name="TC_02_Login" time="3.613"/>
  <testcase classname="webdriver.Topic_Textbox_Textarea" name="TC_01_Edit_Customer" time="0.003"/>
  <testcase classname="webdriver.Topic_Textbox_Textarea" name="TC_01_Register" time="4.025"/>
  <testcase classname="webdriver.Topic_Textbox_Textarea" name="TC_01_New_Customer" time="0.000"/>
</testsuite> <!-- webdriver.Topic_Textbox_Textarea -->
