<?xml version="1.0" encoding="UTF-8"?>
<!-- Generated by org.testng.reporters.JUnitReportReporter -->
<testsuite hostname="DESKTOP-7A005MA" name="webdriver.NewTest" tests="1" failures="0" timestamp="22 Oct 2021 07:17:20 GMT" time="4.408" errors="0">
  <testcase name="By_ID" time="4.408" classname="webdriver.NewTest"/>
</testsuite> <!-- webdriver.NewTest -->
