<?xml version="1.0" encoding="UTF-8"?>
<!-- Generated by org.testng.reporters.JUnitReportReporter -->
<testsuite hostname="DESKTOP-7A005MA" failures="0" tests="1" name="webdriver.Topic_Web_Element_Password_Validate" time="0.613" errors="0" timestamp="04 Nov 2021 02:48:03 GMT" skipped="0">
  <testcase classname="webdriver.Topic_Web_Element_Password_Validate" name="TC01" time="0.613"/>
</testsuite> <!-- webdriver.Topic_Web_Element_Password_Validate -->
