<?xml version="1.0" encoding="UTF-8"?>
<!-- Generated by org.testng.reporters.JUnitReportReporter -->
<testsuite hostname="DESKTOP-7A005MA" failures="0" tests="1" name="webdriver.Topic_Button" time="2.957" errors="0" timestamp="12 Nov 2021 08:55:34 GMT" skipped="0">
  <testcase classname="webdriver.Topic_Button" name="TC01_Button" time="2.957"/>
</testsuite> <!-- webdriver.Topic_Button -->
