<?xml version="1.0" encoding="UTF-8"?>
<!-- Generated by org.testng.reporters.JUnitReportReporter -->
<testsuite hostname="DESKTOP-7A005MA" failures="0" tests="3" name="webdriver.Topic_Custom_Dropdown" time="12.965" errors="0" timestamp="09 Nov 2021 09:51:40 GMT" skipped="0">
  <testcase classname="webdriver.Topic_Custom_Dropdown" name="TC02_ReactJS" time="0.001"/>
  <testcase classname="webdriver.Topic_Custom_Dropdown" name="TC03_VueJS" time="0.001"/>
  <testcase classname="webdriver.Topic_Custom_Dropdown" name="TC01_JQuery" time="12.963"/>
</testsuite> <!-- webdriver.Topic_Custom_Dropdown -->
