<?xml version="1.0" encoding="UTF-8"?>
<!-- Generated by org.testng.reporters.JUnitReportReporter -->
<testsuite hostname="DESKTOP-7A005MA" failures="0" tests="1" name="webdriver.Topic_Iframe_Frame" time="5.660" errors="0" timestamp="18 Nov 2021 09:47:52 GMT" skipped="0">
  <testcase classname="webdriver.Topic_Iframe_Frame" name="TC01_Iframe" time="5.660"/>
</testsuite> <!-- webdriver.Topic_Iframe_Frame -->
