<?xml version="1.0" encoding="UTF-8"?>
<!-- Generated by org.testng.reporters.JUnitReportReporter -->
<testsuite skipped="0" hostname="DESKTOP-JMK0BG4" name="webdriver.Topic_Custom_Checkbox_Radio" tests="1" failures="0" timestamp="13 Nov 2021 04:52:22 GMT" time="13.876" errors="0">
  <testcase name="TC02_Custom_Checkbox_Radio_GoogleDoc" time="13.876" classname="webdriver.Topic_Custom_Checkbox_Radio"/>
</testsuite> <!-- webdriver.Topic_Custom_Checkbox_Radio -->
