<?xml version="1.0" encoding="UTF-8"?>
<!-- Generated by org.testng.reporters.JUnitReportReporter -->
<testsuite hostname="DESKTOP-7A005MA" failures="0" tests="1" name="webdriver.Topic_Popup" time="6.931" errors="0" timestamp="17 Nov 2021 09:58:25 GMT" skipped="0">
  <testcase classname="webdriver.Topic_Popup" name="TC03_Random_Popup_Not_In_DOM" time="6.931"/>
</testsuite> <!-- webdriver.Topic_Popup -->
