<?xml version="1.0" encoding="UTF-8"?>
<!-- Generated by org.testng.reporters.JUnitReportReporter -->
<testsuite skipped="0" hostname="DESKTOP-JMK0BG4" name="webdriver.Topic_Handle_Window_Tabs" tests="1" failures="0" timestamp="19 Nov 2021 16:58:53 GMT" time="14.864" errors="0">
  <testcase name="TC_02_Title" time="14.864" classname="webdriver.Topic_Handle_Window_Tabs"/>
</testsuite> <!-- webdriver.Topic_Handle_Window_Tabs -->
